<?xml version="1.0" encoding="utf-8"?><testsuites name="pytest tests"><testsuite name="pytest" errors="0" failures="0" skipped="0" tests="787" time="121.849" timestamp="2026-09-09T14:49:04.876314-04:00" hostname="Madhavans-MacBook-Air.local"><testcase classname="tests.test_backend" name="test_local_settings_are_default_and_postgres_requires_blob_settings" time="0.001" /><testcase classname="tests.test_backend" name="test_postgres_dialect_translates_placeholders_and_renders_identity_columns" time="0.000" /><testcase classname="tests.test_backend" name="test_writer_lock_is_exclusive_and_sweeps_only_its_pipeline" time="0.005" /><testcase classname="tests.test_backend" name="test_registry_tracks_alternatives_adoption_and_runs[sqlite]" time="0.005" /><testcase classname="tests.test_backend" name="test_s3_blobs_deduplicate_verify_integrity_and_count" time="0.002" /><testcase classname="tests.test_backend" name="test_cli_registry_commands_and_registry_ids_resolve" time="0.072" /><testcase classname="tests.test_backend" name="test_legacy_registered_data_remains_explicitly_readable" time="0.023" /><testcase classname="tests.test_backend" name="test_legacy_cli_run_lookup_rejects_modern_scoped_run[status]" time="0.006" /><testcase classname="tests.test_backend" name="test_legacy_cli_run_lookup_rejects_modern_scoped_run[replay]" time="0.008" /><testcase classname="tests.test_comparison_runtime" name="test_shared_fixture_source_bytes_and_no_live_fallback" time="0.001" /><testcase classname="tests.test_comparison_runtime" name="test_bound_fixture_mcp_uses_shared_limits_evidence_and_rejects_jobs" time="0.067" /><testcase classname="tests.test_comparison_runtime" name="test_fixture_transport_runs_through_actual_stdio_protocol" time="0.296" /><testcase classname="tests.test_comparison_runtime" name="test_direct_executor_actual_sdk_requests_produce_fixture_proposal" time="0.847" /><testcase classname="tests.test_comparison_runtime" name="test_direct_failure_is_not_retried_and_retains_partial_artifacts" time="0.537" /><testcase classname="tests.test_comparison_runtime" name="test_omnigent_executor_sends_once_exports_failures_and_always_closes[None]" time="0.024" /><testcase classname="tests.test_comparison_runtime" name="test_omnigent_executor_sends_once_exports_failures_and_always_closes[start]" time="0.008" /><testcase classname="tests.test_comparison_runtime" name="test_omnigent_executor_sends_once_exports_failures_and_always_closes[send]" time="0.010" /><testcase classname="tests.test_comparison_runtime" name="test_omnigent_executor_sends_once_exports_failures_and_always_closes[export]" time="0.008" /><testcase classname="tests.test_comparison_runtime" name="test_omnigent_executor_sends_once_exports_failures_and_always_closes[send_and_export]" time="0.013" /><testcase classname="tests.test_comparison_runtime" name="test_omnigent_executor_sends_once_exports_failures_and_always_closes[close]" time="0.007" /><testcase classname="tests.test_comparison_runtime" name="test_executor_refuses_to_bypass_local_gateway[https://api.openai.com/v1]" time="0.000" /><testcase classname="tests.test_comparison_runtime" name="test_executor_refuses_to_bypass_local_gateway[http://localhost/v1]" time="0.000" /><testcase classname="tests.test_comparison_runtime" name="test_executor_refuses_to_bypass_local_gateway[http://secret@127.0.0.1:1234/v1]" time="0.000" /><testcase classname="tests.test_comparison_runtime" name="test_executor_refuses_to_bypass_local_gateway[http://127.0.0.1:1234/v1?token=secret]" time="0.000" /><testcase classname="tests.test_config_cli" name="test_duplicate_source_ids_and_unknown_config_fields_fail" time="0.000" /><testcase classname="tests.test_config_cli" name="test_json_identity_and_kalshi_pagination_must_be_explicit" time="0.000" /><testcase classname="tests.test_config_cli" name="test_json_pointer_escapes_and_array_indices" time="0.000" /><testcase classname="tests.test_config_cli" name="test_naive_cutoffs_are_rejected" time="0.000" /><testcase classname="tests.test_config_cli" name="test_validate_is_offline_and_missing_key_is_actionable" time="0.004" /><testcase classname="tests.test_config_cli" name="test_unbounded_polymarket_catalog_cannot_be_called_a_complete_source" time="0.000" /><testcase classname="tests.test_config_cli" name="test_source_credentials_are_rejected_before_being_persisted" time="0.000" /><testcase classname="tests.test_connectors" name="test_closed_active_flag_does_not_mean_tradable" time="0.000" /><testcase classname="tests.test_connectors" name="test_missing_rules_and_misaligned_tokens_are_quarantined" time="0.000" /><testcase classname="tests.test_connectors" name="test_polymarket_book_sorts_levels_and_validates_token" time="0.001" /><testcase classname="tests.test_connectors" name="test_invalid_book_numbers_are_quarantined[NaN-5]" time="0.000" /><testcase classname="tests.test_connectors" name="test_invalid_book_numbers_are_quarantined[1.01-5]" time="0.000" /><testcase classname="tests.test_connectors" name="test_invalid_book_numbers_are_quarantined[-0.1-5]" time="0.000" /><testcase classname="tests.test_connectors" name="test_invalid_book_numbers_are_quarantined[0.5--1]" time="0.000" /><testcase classname="tests.test_connectors" name="test_invalid_book_numbers_are_quarantined[0.5-0]" time="0.000" /><testcase classname="tests.test_connectors" name="test_kalshi_fixed_point_complement_and_empty_books" time="0.000" /><testcase classname="tests.test_connectors" name="test_crossed_book_is_quarantined" time="0.000" /><testcase classname="tests.test_connectors" name="test_rss_separates_publication_from_observation_and_excerpt" time="0.000" /><testcase classname="tests.test_connectors" name="test_atom_namespace_and_relative_link" time="0.000" /><testcase classname="tests.test_connectors" name="test_html_or_entity_expansion_cannot_masquerade_as_feed" time="0.000" /><testcase classname="tests.test_connectors" name="test_200_access_challenge_is_not_a_document" time="0.000" /><testcase classname="tests.test_connectors" name="test_json_missing_required_fields_and_nonfinite_values" time="0.000" /><testcase classname="tests.test_connectors" name="test_pdf_cannot_pass_an_html_source_probe" time="0.000" /><testcase classname="tests.test_connectors" name="test_non_string_publication_timestamp_is_quarantined" time="0.000" /><testcase classname="tests.test_connectors" name="test_html_declared_encoding_is_respected" time="0.000" /><testcase classname="tests.test_discovery" name="test_proposal_cannot_claim_verified_without_probe" time="0.000" /><testcase classname="tests.test_discovery" name="test_changed_configuration_invalidates_probe" time="0.000" /><testcase classname="tests.test_discovery" name="test_unsupported_sources_remain_visible_without_executable_pipeline" time="0.000" /><testcase classname="tests.test_discovery" name="test_unobserved_citations_are_rejected" time="0.000" /><testcase classname="tests.test_discovery" name="test_actual_sdk_tool_loop_probes_and_compiles_a_pipeline[False]" time="0.034" /><testcase classname="tests.test_discovery" name="test_actual_sdk_tool_loop_probes_and_compiles_a_pipeline[True]" time="0.043" /><testcase classname="tests.test_discovery" name="test_round_limit_preserves_failure_and_never_creates_fake_pipeline" time="0.014" /><testcase classname="tests.test_discovery" name="test_unknown_tool_cannot_execute_commands" time="0.000" /><testcase classname="tests.test_discovery" name="test_native_search_is_bounded_before_request_and_failures_can_be_repaired[budget]" time="0.122" /><testcase classname="tests.test_discovery" name="test_native_search_is_bounded_before_request_and_failures_can_be_repaired[failed_search]" time="0.025" /><testcase classname="tests.test_discovery" name="test_actual_sdk_and_mcp_search_share_receipts_and_idempotent_calls" time="0.071" /><testcase classname="tests.test_discovery" name="test_wrapped_search_budget_stops_provider_before_network_and_removes_tool[False]" time="0.168" /><testcase classname="tests.test_discovery" name="test_wrapped_search_budget_stops_provider_before_network_and_removes_tool[True]" time="0.036" /><testcase classname="tests.test_discovery" name="test_wrapped_provider_failure_replays_without_spend_and_fresh_id_repairs" time="0.050" /><testcase classname="tests.test_discovery" name="test_wrapped_discovery_cannot_grant_evidence_from_native_results" time="0.050" /><testcase classname="tests.test_discovery" name="test_wrapped_search_rejects_invalid_arguments_before_provider[invalid0]" time="0.033" /><testcase classname="tests.test_discovery" name="test_wrapped_search_rejects_invalid_arguments_before_provider[invalid1]" time="0.033" /><testcase classname="tests.test_discovery" name="test_wrapped_search_rejects_invalid_arguments_before_provider[invalid2]" time="0.035" /><testcase classname="tests.test_discovery" name="test_cli_mcp_provider_options_reach_actual_sdk_and_saved_configuration[False]" time="0.024" /><testcase classname="tests.test_discovery" name="test_cli_mcp_provider_options_reach_actual_sdk_and_saved_configuration[True]" time="0.025" /><testcase classname="tests.test_discovery" name="test_cli_search_configuration_fails_before_model_client[native_endpoint]" time="0.002" /><testcase classname="tests.test_discovery" name="test_cli_search_configuration_fails_before_model_client[missing_extra]" time="0.002" /><testcase classname="tests.test_discovery" name="test_cli_search_configuration_fails_before_model_client[credentialed_endpoint]" time="0.002" /><testcase classname="tests.test_discovery" name="test_cli_search_configuration_fails_before_model_client[empty_endpoint]" time="0.002" /><testcase classname="tests.test_discovery" name="test_actual_sdk_records_shared_controls_without_changing_legacy_defaults[None-None-native]" time="0.025" /><testcase classname="tests.test_discovery" name="test_actual_sdk_records_shared_controls_without_changing_legacy_defaults[None-None-mcp]" time="0.026" /><testcase classname="tests.test_discovery" name="test_actual_sdk_records_shared_controls_without_changing_legacy_defaults[none-None-native]" time="0.025" /><testcase classname="tests.test_discovery" name="test_actual_sdk_records_shared_controls_without_changing_legacy_defaults[none-None-mcp]" time="0.027" /><testcase classname="tests.test_discovery" name="test_actual_sdk_records_shared_controls_without_changing_legacy_defaults[high-None-native]" time="0.025" /><testcase classname="tests.test_discovery" name="test_actual_sdk_records_shared_controls_without_changing_legacy_defaults[high-None-mcp]" time="0.028" /><testcase classname="tests.test_discovery" name="test_actual_sdk_records_shared_controls_without_changing_legacy_defaults[none-default-native]" time="0.028" /><testcase classname="tests.test_discovery" name="test_actual_sdk_records_shared_controls_without_changing_legacy_defaults[none-default-mcp]" time="0.031" /><testcase classname="tests.test_discovery" name="test_settings_stop_model_requests_even_when_unknown_calls_bypass_service[before_first_request]" time="0.010" /><testcase classname="tests.test_discovery" name="test_settings_stop_model_requests_even_when_unknown_calls_bypass_service[after_unknown_calls]" time="0.027" /><testcase classname="tests.test_discovery" name="test_settings_stop_model_requests_even_when_unknown_calls_bypass_service[round_limit]" time="0.023" /><testcase classname="tests.test_discovery" name="test_legacy_limits_cannot_override_shared_settings[max_rounds]" time="0.001" /><testcase classname="tests.test_discovery" name="test_legacy_limits_cannot_override_shared_settings[max_probes]" time="0.000" /><testcase classname="tests.test_discovery" name="test_legacy_limits_cannot_override_shared_settings[max_inspections]" time="0.000" /><testcase classname="tests.test_discovery" name="test_cli_execution_configuration_fails_before_model_client[settings_json]" time="0.002" /><testcase classname="tests.test_discovery" name="test_cli_execution_configuration_fails_before_model_client[conflicting_rounds]" time="0.002" /><testcase classname="tests.test_discovery" name="test_cli_execution_configuration_fails_before_model_client[empty_instructions]" time="0.002" /><testcase classname="tests.test_dispatch_budget" name="test_policy_and_metadata_are_immutable_and_shared_across_cases" time="0.002" /><testcase classname="tests.test_dispatch_budget" name="test_policy_rejects_unreviewed_endpoint_or_alias[fixture-https://fixture.invalid/v1/-fixture-snapshot-2026-09-08]" time="0.000" /><testcase classname="tests.test_dispatch_budget" name="test_policy_rejects_unreviewed_endpoint_or_alias[fixture-https://api.openai.com/v1-fixture-snapshot-2026-09-08]" time="0.000" /><testcase classname="tests.test_dispatch_budget" name="test_policy_rejects_unreviewed_endpoint_or_alias[openai-standard-https://api.openai.com/v1?extra=1-gpt-5.4-mini-2026-03-17]" time="0.000" /><testcase classname="tests.test_dispatch_budget" name="test_policy_rejects_unreviewed_endpoint_or_alias[openai-standard-https://api.openai.com/v1-gpt-5.4-mini]" time="0.000" /><testcase classname="tests.test_dispatch_budget" name="test_policy_rejects_unreviewed_endpoint_or_alias[openai-standard-http://api.openai.com/v1-gpt-5.4-mini-2026-03-17]" time="0.000" /><testcase classname="tests.test_dispatch_budget" name="test_standard_rate_contract_rejects_under_reservation[rate_updates0]" time="0.001" /><testcase classname="tests.test_dispatch_budget" name="test_standard_rate_contract_rejects_under_reservation[rate_updates1]" time="0.001" /><testcase classname="tests.test_dispatch_budget" name="test_standard_rate_contract_rejects_under_reservation[rate_updates2]" time="0.001" /><testcase classname="tests.test_dispatch_budget" name="test_standard_rate_contract_rejects_under_reservation[rate_updates3]" time="0.001" /><testcase classname="tests.test_dispatch_budget" name="test_standard_rate_contract_rejects_under_reservation[rate_updates4]" time="0.001" /><testcase classname="tests.test_dispatch_budget" name="test_standard_rate_contract_rejects_under_reservation[rate_updates5]" time="0.001" /><testcase classname="tests.test_dispatch_budget" name="test_standard_draft_metadata_allows_conservative_reviewed_rates" time="0.001" /><testcase classname="tests.test_dispatch_budget" name="test_explicit_tier_and_exact_fixture_snapshot_are_required" time="0.001" /><testcase classname="tests.test_dispatch_budget" name="test_authorization_changes_require_new_binding_and_revocation_blocks_dispatch" time="0.003" /><testcase classname="tests.test_dispatch_budget" name="test_reservation_retries_are_stable_and_dispatch_is_one_shot" time="0.003" /><testcase classname="tests.test_dispatch_budget" name="test_concurrent_executions_share_the_durable_ceiling" time="0.057" /><testcase classname="tests.test_dispatch_budget" name="test_actual_sdk_http_history_preserves_text_functions_and_encrypted_reasoning" time="0.004" /><testcase classname="tests.test_dispatch_budget" name="test_request_validation_rejects_unpriced_paths_and_malformed_json[update0]" time="0.001" /><testcase classname="tests.test_dispatch_budget" name="test_request_validation_rejects_unpriced_paths_and_malformed_json[update1]" time="0.001" /><testcase classname="tests.test_dispatch_budget" name="test_request_validation_rejects_unpriced_paths_and_malformed_json[update2]" time="0.001" /><testcase classname="tests.test_dispatch_budget" name="test_request_validation_rejects_unpriced_paths_and_malformed_json[update3]" time="0.001" /><testcase classname="tests.test_dispatch_budget" name="test_request_validation_rejects_unpriced_paths_and_malformed_json[update4]" time="0.001" /><testcase classname="tests.test_dispatch_budget" name="test_request_validation_rejects_unpriced_paths_and_malformed_json[update5]" time="0.001" /><testcase classname="tests.test_dispatch_budget" name="test_request_validation_rejects_unpriced_paths_and_malformed_json[update6]" time="0.001" /><testcase classname="tests.test_dispatch_budget" name="test_request_validation_rejects_unpriced_paths_and_malformed_json[update7]" time="0.001" /><testcase classname="tests.test_dispatch_budget" name="test_request_validation_rejects_unpriced_paths_and_malformed_json[update8]" time="0.001" /><testcase classname="tests.test_dispatch_budget" name="test_request_validation_rejects_unpriced_paths_and_malformed_json[update9]" time="0.001" /><testcase classname="tests.test_dispatch_budget" name="test_request_validation_rejects_unpriced_paths_and_malformed_json[update10]" time="0.001" /><testcase classname="tests.test_dispatch_budget" name="test_request_validation_rejects_unpriced_paths_and_malformed_json[update11]" time="0.001" /><testcase classname="tests.test_dispatch_budget" name="test_request_validation_rejects_unpriced_paths_and_malformed_json[update12]" time="0.001" /><testcase classname="tests.test_dispatch_budget" name="test_request_validation_rejects_unpriced_paths_and_malformed_json[update13]" time="0.001" /><testcase classname="tests.test_dispatch_budget" name="test_request_validation_rejects_unpriced_paths_and_malformed_json[update14]" time="0.001" /><testcase classname="tests.test_dispatch_budget" name="test_request_validation_rejects_unpriced_paths_and_malformed_json[update15]" time="0.001" /><testcase classname="tests.test_dispatch_budget" name="test_request_validation_rejects_unpriced_paths_and_malformed_json[update16]" time="0.001" /><testcase classname="tests.test_dispatch_budget" name="test_request_validation_rejects_unpriced_paths_and_malformed_json[update17]" time="0.001" /><testcase classname="tests.test_dispatch_budget" name="test_request_validation_rejects_unpriced_paths_and_malformed_json[update18]" time="0.001" /><testcase classname="tests.test_dispatch_budget" name="test_request_validation_rejects_unpriced_paths_and_malformed_json[update19]" time="0.001" /><testcase classname="tests.test_dispatch_budget" name="test_request_validation_rejects_unpriced_paths_and_malformed_json[update20]" time="0.001" /><testcase classname="tests.test_dispatch_budget" name="test_request_validation_rejects_unpriced_paths_and_malformed_json[update21]" time="0.001" /><testcase classname="tests.test_dispatch_budget" name="test_request_validation_rejects_unpriced_paths_and_malformed_json[update22]" time="0.001" /><testcase classname="tests.test_dispatch_budget" name="test_request_validation_rejects_unpriced_paths_and_malformed_json[update23]" time="0.001" /><testcase classname="tests.test_dispatch_budget" name="test_request_validation_rejects_unpriced_paths_and_malformed_json[update24]" time="0.001" /><testcase classname="tests.test_dispatch_budget" name="test_raw_verified_usage_settles_once_even_for_failed_model_responses[completed]" time="0.517" /><testcase classname="tests.test_dispatch_budget" name="test_raw_verified_usage_settles_once_even_for_failed_model_responses[failed]" time="0.518" /><testcase classname="tests.test_dispatch_budget" name="test_raw_verified_usage_settles_once_even_for_failed_model_responses[incomplete]" time="0.518" /><testcase classname="tests.test_dispatch_budget" name="test_missing_raw_usage_or_tier_holds_full_reservation[usage]" time="0.520" /><testcase classname="tests.test_dispatch_budget" name="test_missing_raw_usage_or_tier_holds_full_reservation[service_tier]" time="0.517" /><testcase classname="tests.test_dispatch_budget" name="test_interrupted_dispatch_retains_full_amount" time="0.532" /><testcase classname="tests.test_dispatch_budget" name="test_verified_failure_before_dispatch_can_release_without_replay" time="0.524" /><testcase classname="tests.test_dispatch_budget" name="test_pending_dispatch_marker_holds_even_when_no_http_dispatch_was_observed" time="0.519" /><testcase classname="tests.test_dispatch_budget" name="test_unsealed_or_tampered_archive_never_releases_or_settles" time="0.522" /><testcase classname="tests.test_dispatch_budget" name="test_late_reservations_absent_from_archive_are_held_and_other_executions_are_scoped" time="0.524" /><testcase classname="tests.test_dispatch_budget" name="test_request_hash_mismatch_cannot_settle_a_different_ledger_reservation" time="0.527" /><testcase classname="tests.test_dispatch_budget" name="test_historical_authorization_can_reconcile_after_revocation" time="0.523" /><testcase classname="tests.test_dispatch_budget" name="test_archive_consistency_is_read_only_and_honors_explicit_snapshot" time="0.525" /><testcase classname="tests.test_dispatch_budget" name="test_empty_rollback_ledger_cannot_reconcile_known_archived_reservations[False]" time="0.521" /><testcase classname="tests.test_dispatch_budget" name="test_empty_rollback_ledger_cannot_reconcile_known_archived_reservations[True]" time="0.524" /><testcase classname="tests.test_dispatch_budget" name="test_missing_operation_blocks_settling_other_known_operations" time="0.532" /><testcase classname="tests.test_dispatch_budget" name="test_unresolved_reservation_ack_does_not_require_a_ledger_row[False]" time="0.519" /><testcase classname="tests.test_dispatch_budget" name="test_unresolved_reservation_ack_does_not_require_a_ledger_row[True]" time="0.523" /><testcase classname="tests.test_dispatch_budget" name="test_archived_dispatch_marker_cannot_disappear_from_ledger" time="0.519" /><testcase classname="tests.test_dispatch_budget" name="test_terminal_settlement_must_match_independent_usage_and_evidence[False]" time="0.522" /><testcase classname="tests.test_dispatch_budget" name="test_terminal_settlement_must_match_independent_usage_and_evidence[True]" time="0.521" /><testcase classname="tests.test_dispatch_budget" name="test_terminal_release_requires_matching_independent_no_dispatch_proof" time="0.525" /><testcase classname="tests.test_dispatch_budget" name="test_terminal_operation_without_archived_reservation_is_inconsistent" time="0.524" /><testcase classname="tests.test_dispatch_budget" name="test_missing_or_unverifiable_archive_is_explicitly_unverified" time="0.002" /><testcase classname="tests.test_error_messages" name="test_validation_errors_do_not_echo_credential_values" time="0.006" /><testcase classname="tests.test_gateway_usage_evaluation" name="test_real_gateway_json_and_gzip_sse_are_verified_without_proposal" time="0.524" /><testcase classname="tests.test_gateway_usage_evaluation" name="test_all_host_binding_fields_are_independent_requirements[execution_id-cccccccccccccccccccccccccccccccc]" time="0.005" /><testcase classname="tests.test_gateway_usage_evaluation" name="test_all_host_binding_fields_are_independent_requirements[case_id-another-case]" time="0.005" /><testcase classname="tests.test_gateway_usage_evaluation" name="test_all_host_binding_fields_are_independent_requirements[runtime-omnigent-controlled-gateway]" time="0.004" /><testcase classname="tests.test_gateway_usage_evaluation" name="test_all_host_binding_fields_are_independent_requirements[phase-followup]" time="0.003" /><testcase classname="tests.test_gateway_usage_evaluation" name="test_all_host_binding_fields_are_independent_requirements[task_sha256-dddddddddddddddddddddddddddddddddddddddddddddddddddddddddddddddd]" time="0.003" /><testcase classname="tests.test_gateway_usage_evaluation" name="test_closed_binding_and_model_controls_are_required_even_after_reindex[unbound]" time="0.004" /><testcase classname="tests.test_gateway_usage_evaluation" name="test_closed_binding_and_model_controls_are_required_even_after_reindex[open]" time="0.004" /><testcase classname="tests.test_gateway_usage_evaluation" name="test_closed_binding_and_model_controls_are_required_even_after_reindex[wrong_model]" time="0.004" /><testcase classname="tests.test_gateway_usage_evaluation" name="test_closed_binding_and_model_controls_are_required_even_after_reindex[settings]" time="0.004" /><testcase classname="tests.test_gateway_usage_evaluation" name="test_host_budget_expectations_reject_relaxed_archived_limits[max_rounds-30]" time="0.005" /><testcase classname="tests.test_gateway_usage_evaluation" name="test_host_budget_expectations_reject_relaxed_archived_limits[deadline_seconds-3600]" time="0.004" /><testcase classname="tests.test_gateway_usage_evaluation" name="test_host_budget_expectations_reject_relaxed_archived_limits[max_searches-20]" time="0.004" /><testcase classname="tests.test_gateway_usage_evaluation" name="test_exact_host_budget_expectations_are_verified" time="0.003" /><testcase classname="tests.test_gateway_usage_evaluation" name="test_archive_hashes_paths_and_full_inventory_are_required[hash]" time="0.002" /><testcase classname="tests.test_gateway_usage_evaluation" name="test_archive_hashes_paths_and_full_inventory_are_required[missing]" time="0.002" /><testcase classname="tests.test_gateway_usage_evaluation" name="test_archive_hashes_paths_and_full_inventory_are_required[unindexed]" time="0.002" /><testcase classname="tests.test_gateway_usage_evaluation" name="test_archive_hashes_paths_and_full_inventory_are_required[indexed_foreign]" time="0.003" /><testcase classname="tests.test_gateway_usage_evaluation" name="test_archive_hashes_paths_and_full_inventory_are_required[symlink]" time="0.002" /><testcase classname="tests.test_gateway_usage_evaluation" name="test_archive_hashes_paths_and_full_inventory_are_required[traversal]" time="0.002" /><testcase classname="tests.test_gateway_usage_evaluation" name="test_summary_inflation_does_not_override_hashed_raw_usage" time="0.004" /><testcase classname="tests.test_gateway_usage_evaluation" name="test_report_counters_are_recomputed[reserved_attempts-3]" time="0.003" /><testcase classname="tests.test_gateway_usage_evaluation" name="test_report_counters_are_recomputed[upstream_requests-0]" time="0.003" /><testcase classname="tests.test_gateway_usage_evaluation" name="test_report_counters_are_recomputed[complete-False]" time="0.003" /><testcase classname="tests.test_gateway_usage_evaluation" name="test_report_counters_are_recomputed[interrupted-True]" time="0.003" /><testcase classname="tests.test_gateway_usage_evaluation" name="test_report_counters_are_recomputed[totals-value4]" time="0.003" /><testcase classname="tests.test_gateway_usage_evaluation" name="test_records_cannot_reassign_or_duplicate_request_identity[dispatch_started-False]" time="0.003" /><testcase classname="tests.test_gateway_usage_evaluation" name="test_records_cannot_reassign_or_duplicate_request_identity[upstream_request_number-2]" time="0.003" /><testcase classname="tests.test_gateway_usage_evaluation" name="test_records_cannot_reassign_or_duplicate_request_identity[reserved_attempt_number-True]" time="0.003" /><testcase classname="tests.test_gateway_usage_evaluation" name="test_records_cannot_reassign_or_duplicate_request_identity[response_sha256-0000000000000000000000000000000000000000000000000000000000000000]" time="0.003" /><testcase classname="tests.test_gateway_usage_evaluation" name="test_records_cannot_reassign_or_duplicate_request_identity[id-request-0002]" time="0.003" /><testcase classname="tests.test_gateway_usage_evaluation" name="test_record_file_must_equal_report_request" time="0.003" /><testcase classname="tests.test_gateway_usage_evaluation" name="test_forwarded_controls_cannot_be_added_with_consistent_hashes[extra0]" time="0.003" /><testcase classname="tests.test_gateway_usage_evaluation" name="test_forwarded_controls_cannot_be_added_with_consistent_hashes[extra1]" time="0.003" /><testcase classname="tests.test_gateway_usage_evaluation" name="test_forwarded_controls_cannot_be_added_with_consistent_hashes[extra2]" time="0.004" /><testcase classname="tests.test_gateway_usage_evaluation" name="test_duplicate_provider_ids_never_inflate_usage[False]" time="0.514" /><testcase classname="tests.test_gateway_usage_evaluation" name="test_duplicate_provider_ids_never_inflate_usage[True]" time="0.525" /><testcase classname="tests.test_gateway_usage_evaluation" name="test_partial_dispatches_preserve_only_previous_completed_usage[missing_usage]" time="0.520" /><testcase classname="tests.test_gateway_usage_evaluation" name="test_partial_dispatches_preserve_only_previous_completed_usage[nonterminal]" time="0.517" /><testcase classname="tests.test_gateway_usage_evaluation" name="test_partial_dispatches_preserve_only_previous_completed_usage[bad_total]" time="0.530" /><testcase classname="tests.test_gateway_usage_evaluation" name="test_partial_dispatches_preserve_only_previous_completed_usage[transport_failure]" time="0.529" /><testcase classname="tests.test_gateway_usage_evaluation" name="test_partial_dispatches_preserve_only_previous_completed_usage[truncated_json]" time="0.528" /><testcase classname="tests.test_gateway_usage_evaluation" name="test_unsuccessful_terminal_response_can_have_complete_accounting[failed]" time="0.516" /><testcase classname="tests.test_gateway_usage_evaluation" name="test_unsuccessful_terminal_response_can_have_complete_accounting[incomplete]" time="0.521" /><testcase classname="tests.test_gateway_usage_evaluation" name="test_zero_dispatched_calls_establish_zero_without_successful_proposal[False]" time="0.511" /><testcase classname="tests.test_gateway_usage_evaluation" name="test_zero_dispatched_calls_establish_zero_without_successful_proposal[True]" time="0.518" /><testcase classname="tests.test_gateway_usage_evaluation" name="test_interrupted_reserved_attempt_with_no_dispatch_has_known_zero" time="0.517" /><testcase classname="tests.test_gateway_usage_evaluation" name="test_missing_cache_details_do_not_invent_a_discount" time="0.518" /><testcase classname="tests.test_gateway_usage_evaluation" name="test_explicitly_unknown_cache_details_preserve_complete_token_accounting" time="0.529" /><testcase classname="tests.test_gateway_usage_evaluation" name="test_impossible_cache_discount_is_invalid" time="0.521" /><testcase classname="tests.test_gateway_usage_evaluation" name="test_interrupted_capture_cannot_be_silently_removed_and_reindexed" time="0.520" /><testcase classname="tests.test_gateway_usage_evaluation" name="test_invalid_compressed_stream_stays_unknown_without_crashing" time="0.517" /><testcase classname="tests.test_gateway_usage_evaluation" name="test_multiple_terminal_events_in_one_stream_are_invalid" time="0.520" /><testcase classname="tests.test_gateway_usage_evaluation" name="test_sse_event_and_terminal_status_must_agree" time="0.515" /><testcase classname="tests.test_gateway_usage_evaluation" name="test_returned_model_must_match_external_expectation" time="0.521" /><testcase classname="tests.test_gateway_usage_evaluation" name="test_partial_sse_retains_observed_model_without_inventing_tokens[gpt-5.4-mini]" time="0.520" /><testcase classname="tests.test_gateway_usage_evaluation" name="test_partial_sse_retains_observed_model_without_inventing_tokens[foreign-model]" time="0.518" /><testcase classname="tests.test_gateway_usage_evaluation" name="test_duplicate_json_keys_are_not_silently_accepted[archive.json]" time="0.008" /><testcase classname="tests.test_gateway_usage_evaluation" name="test_duplicate_json_keys_are_not_silently_accepted[report.json]" time="0.009" /><testcase classname="tests.test_gateway_usage_evaluation" name="test_request_settlement_evidence_binds_raw_files_and_budget_reservation" time="0.546" /><testcase classname="tests.test_gateway_usage_evaluation" name="test_budget_metadata_must_match_external_controls" time="0.007" /><testcase classname="tests.test_gateway_usage_evaluation" name="test_unmatched_budget_metadata_does_not_create_settlement_assurance" time="0.005" /><testcase classname="tests.test_gateway_usage_evaluation" name="test_late_integrity_failure_cannot_leak_earlier_settlement_entries" time="0.006" /><testcase classname="tests.test_gateway_usage_evaluation" name="test_budget_request_markers_and_amounts_are_independently_checked[budget_reserved_nanodollars-1]" time="0.005" /><testcase classname="tests.test_gateway_usage_evaluation" name="test_budget_request_markers_and_amounts_are_independently_checked[budget_reserved_nanodollars-True]" time="0.005" /><testcase classname="tests.test_gateway_usage_evaluation" name="test_budget_request_markers_and_amounts_are_independently_checked[budget_operation_id-foreign/request-0001]" time="0.005" /><testcase classname="tests.test_gateway_usage_evaluation" name="test_budget_request_markers_and_amounts_are_independently_checked[budget_dispatch_pending-True]" time="0.004" /><testcase classname="tests.test_gateway_usage_evaluation" name="test_budget_request_markers_and_amounts_are_independently_checked[budget_dispatch_marked-False]" time="0.004" /><testcase classname="tests.test_gateway_usage_evaluation" name="test_missing_or_invalid_returned_tier_keeps_known_tokens_but_holds_budget[None]" time="0.514" /><testcase classname="tests.test_gateway_usage_evaluation" name="test_missing_or_invalid_returned_tier_keeps_known_tokens_but_holds_budget[7]" time="0.519" /><testcase classname="tests.test_gateway_usage_evaluation" name="test_record_only_tier_claim_cannot_supply_missing_raw_tier" time="0.517" /><testcase classname="tests.test_gateway_usage_evaluation" name="test_foreign_tier_in_complete_or_partial_raw_response_invalidates_settlement[False]" time="0.512" /><testcase classname="tests.test_gateway_usage_evaluation" name="test_foreign_tier_in_complete_or_partial_raw_response_invalidates_settlement[True]" time="0.513" /><testcase classname="tests.test_gateway_usage_evaluation" name="test_provider_usage_outside_reserved_bounds_cannot_settle[input_tokens-1001]" time="0.515" /><testcase classname="tests.test_gateway_usage_evaluation" name="test_provider_usage_outside_reserved_bounds_cannot_settle[output_tokens-6001]" time="0.515" /><testcase classname="tests.test_gateway_usage_evaluation" name="test_terminal_task_failure_can_still_establish_request_settlement[failed]" time="0.517" /><testcase classname="tests.test_gateway_usage_evaluation" name="test_terminal_task_failure_can_still_establish_request_settlement[incomplete]" time="0.514" /><testcase classname="tests.test_gateway_usage_evaluation" name="test_pending_ledger_operation_is_not_release_evidence[reserve]" time="0.515" /><testcase classname="tests.test_gateway_usage_evaluation" name="test_pending_ledger_operation_is_not_release_evidence[mark_dispatched]" time="0.518" /><testcase classname="tests.test_gateway_usage_evaluation" name="test_verified_pre_dispatch_deadline_can_supply_no_dispatch_proof" time="0.521" /><testcase classname="tests.test_gateway_usage_evaluation" name="test_explicit_service_tier_is_reconstructed_for_unbudgeted_archive" time="0.515" /><testcase classname="tests.test_gateway_usage_evaluation" name="test_early_response_metadata_can_establish_same_response_tier" time="0.517" /><testcase classname="tests.test_gateway_usage_evaluation" name="test_partial_usage_outside_budget_bounds_cannot_supply_settlement" time="0.518" /><testcase classname="tests.test_http" name="test_429_retries_with_server_delay_and_saves_both_responses[sqlite]" time="0.008" /><testcase classname="tests.test_http" name="test_long_retry_after_defers_instead_of_retrying_too_soon[sqlite]" time="0.005" /><testcase classname="tests.test_http" name="test_timeout_retries_are_bounded_and_audited[sqlite]" time="0.006" /><testcase classname="tests.test_http" name="test_size_limit_saves_truncated_evidence_without_accepting_it[sqlite]" time="0.005" /><testcase classname="tests.test_http" name="test_304_without_body_is_a_failure[sqlite]" time="0.005" /><testcase classname="tests.test_http" name="test_source_inspection_rejects_local_and_credential_urls[http://localhost/data]" time="0.000" /><testcase classname="tests.test_http" name="test_source_inspection_rejects_local_and_credential_urls[http://127.0.0.1/data]" time="0.000" /><testcase classname="tests.test_http" name="test_source_inspection_rejects_local_and_credential_urls[http://169.254.169.254/latest/meta-data/]" time="0.000" /><testcase classname="tests.test_http" name="test_source_inspection_rejects_local_and_credential_urls[http://[::1]/]" time="0.000" /><testcase classname="tests.test_http" name="test_source_inspection_rejects_local_and_credential_urls[file:///etc/passwd]" time="0.000" /><testcase classname="tests.test_http" name="test_source_inspection_rejects_local_and_credential_urls[https://public.example:8443/]" time="0.000" /><testcase classname="tests.test_http" name="test_source_inspection_rejects_local_and_credential_urls[https://public.example/?api_key=secret]" time="0.000" /><testcase classname="tests.test_http" name="test_public_hostname_with_private_dns_is_rejected" time="0.000" /><testcase classname="tests.test_http" name="test_redirect_is_validated_before_second_request[sqlite]" time="0.004" /><testcase classname="tests.test_http" name="test_reused_body_integrity_is_checked[sqlite]" time="0.004" /><testcase classname="tests.test_model_gateway" name="test_exact_forwarding_controls_and_function_allowlist_are_recorded" time="0.511" /><testcase classname="tests.test_model_gateway" name="test_sse_bytes_and_terminal_provider_usage_are_preserved" time="0.513" /><testcase classname="tests.test_model_gateway" name="test_round_limit_is_atomic_across_concurrent_requests" time="0.513" /><testcase classname="tests.test_model_gateway" name="test_deadline_starts_on_first_accepted_request_and_stops_later_requests" time="0.527" /><testcase classname="tests.test_model_gateway" name="test_explicit_begin_and_auxiliary_rejection_never_spend_upstream" time="0.527" /><testcase classname="tests.test_model_gateway" name="test_uncontrolled_requests_are_rejected_before_forwarding[payload0-model_mismatch]" time="0.513" /><testcase classname="tests.test_model_gateway" name="test_uncontrolled_requests_are_rejected_before_forwarding[payload1-provider_native_tools_forbidden]" time="0.516" /><testcase classname="tests.test_model_gateway" name="test_uncontrolled_requests_are_rejected_before_forwarding[payload2-background_responses_unsupported]" time="0.514" /><testcase classname="tests.test_model_gateway" name="test_uncontrolled_requests_are_rejected_before_forwarding[payload3-background_responses_unsupported]" time="0.515" /><testcase classname="tests.test_model_gateway" name="test_uncontrolled_requests_are_rejected_before_forwarding[payload4-background_responses_unsupported]" time="0.515" /><testcase classname="tests.test_model_gateway" name="test_uncontrolled_requests_are_rejected_before_forwarding[payload5-unsupported_request_fields]" time="0.512" /><testcase classname="tests.test_model_gateway" name="test_uncontrolled_requests_are_rejected_before_forwarding[payload6-unsupported_request_fields]" time="0.512" /><testcase classname="tests.test_model_gateway" name="test_uncontrolled_requests_are_rejected_before_forwarding[payload7-undeclared_service_tier]" time="0.517" /><testcase classname="tests.test_model_gateway" name="test_uncontrolled_requests_are_rejected_before_forwarding[payload8-unsupported_request_fields]" time="0.516" /><testcase classname="tests.test_model_gateway" name="test_uncontrolled_requests_are_rejected_before_forwarding[payload9-unsupported_request_fields]" time="0.515" /><testcase classname="tests.test_model_gateway" name="test_uncontrolled_requests_are_rejected_before_forwarding[payload10-unsupported_request_fields]" time="0.517" /><testcase classname="tests.test_model_gateway" name="test_uncontrolled_requests_are_rejected_before_forwarding[payload11-unsupported_request_fields]" time="0.518" /><testcase classname="tests.test_model_gateway" name="test_uncontrolled_requests_are_rejected_before_forwarding[payload12-unsupported_text_controls]" time="0.518" /><testcase classname="tests.test_model_gateway" name="test_uncontrolled_requests_are_rejected_before_forwarding[payload13-provider_context_reference_forbidden]" time="0.515" /><testcase classname="tests.test_model_gateway" name="test_uncontrolled_requests_are_rejected_before_forwarding[payload14-tool_choice_forbidden]" time="0.521" /><testcase classname="tests.test_model_gateway" name="test_missing_usage_stays_a_lower_bound_and_gateway_key_is_required" time="0.530" /><testcase classname="tests.test_model_gateway" name="test_deadline_interrupts_stream_and_retains_unknown_usage" time="0.517" /><testcase classname="tests.test_model_gateway" name="test_nonterminal_json_usage_is_unknown[in_progress]" time="0.519" /><testcase classname="tests.test_model_gateway" name="test_nonterminal_json_usage_is_unknown[queued]" time="0.520" /><testcase classname="tests.test_model_gateway" name="test_nonterminal_json_usage_is_unknown[None]" time="0.519" /><testcase classname="tests.test_model_gateway" name="test_inconsistent_total_tokens_is_unknown[999]" time="0.516" /><testcase classname="tests.test_model_gateway" name="test_inconsistent_total_tokens_is_unknown[True]" time="0.518" /><testcase classname="tests.test_model_gateway" name="test_inconsistent_total_tokens_is_unknown[-1]" time="0.520" /><testcase classname="tests.test_model_gateway" name="test_terminal_unsuccessful_response_can_have_complete_usage[failed]" time="0.513" /><testcase classname="tests.test_model_gateway" name="test_terminal_unsuccessful_response_can_have_complete_usage[incomplete]" time="0.518" /><testcase classname="tests.test_model_gateway" name="test_already_consumed_encoded_upstream_response_is_rejected" time="0.518" /><testcase classname="tests.test_model_gateway" name="test_raw_gzip_stream_retains_encoded_bytes_headers_and_usage" time="0.517" /><testcase classname="tests.test_model_gateway" name="test_absolute_deadline_interrupts_silence_after_a_late_chunk" time="2.029" /><testcase classname="tests.test_model_gateway" name="test_close_seals_header_waiting_request_before_provider_finishes" time="1.032" /><testcase classname="tests.test_model_gateway" name="test_close_seals_authenticated_request_still_reading_body" time="0.511" /><testcase classname="tests.test_model_gateway" name="test_deadline_during_request_construction_prevents_late_dispatch" time="1.520" /><testcase classname="tests.test_model_gateway" name="test_binding_is_recorded_before_start_and_copies_are_immutable" time="0.525" /><testcase classname="tests.test_model_gateway" name="test_archive_includes_actual_success_and_denial_files_and_close_is_idempotent" time="0.530" /><testcase classname="tests.test_model_gateway" name="test_concurrent_close_waits_for_sealed_inventory_and_late_handler_cannot_change_it" time="0.538" /><testcase classname="tests.test_model_gateway" name="test_shutdown_write_failure_cannot_publish_an_archive[report.json]" time="0.518" /><testcase classname="tests.test_model_gateway" name="test_shutdown_write_failure_cannot_publish_an_archive[.archive.json.tmp]" time="0.516" /><testcase classname="tests.test_model_gateway" name="test_host_service_tier_is_explicit_and_recorded[None]" time="0.518" /><testcase classname="tests.test_model_gateway" name="test_host_service_tier_is_explicit_and_recorded[priority]" time="0.518" /><testcase classname="tests.test_model_gateway" name="test_host_service_tier_is_explicit_and_recorded[default]" time="0.519" /><testcase classname="tests.test_model_gateway" name="test_budget_reservation_and_dispatch_marker_precede_provider_call" time="0.521" /><testcase classname="tests.test_model_gateway" name="test_exhausted_budget_denies_before_round_or_provider_reservation" time="0.520" /><testcase classname="tests.test_model_gateway" name="test_already_dispatched_ledger_operation_cannot_be_reused" time="0.520" /><testcase classname="tests.test_model_gateway" name="test_unbudgeted_media_is_denied_before_any_ledger_change" time="0.521" /><testcase classname="tests.test_model_gateway" name="test_uncertain_budget_write_holds_funds_and_never_dispatches[reserve]" time="0.522" /><testcase classname="tests.test_model_gateway" name="test_uncertain_budget_write_holds_funds_and_never_dispatches[mark_dispatched]" time="0.521" /><testcase classname="tests.test_model_gateway" name="test_blocked_budget_operation_cannot_dispatch_or_write_after_sealing[deadline-reserve]" time="1.532" /><testcase classname="tests.test_model_gateway" name="test_blocked_budget_operation_cannot_dispatch_or_write_after_sealing[deadline-mark_dispatched]" time="1.552" /><testcase classname="tests.test_model_gateway" name="test_blocked_budget_operation_cannot_dispatch_or_write_after_sealing[close-reserve]" time="0.536" /><testcase classname="tests.test_model_gateway" name="test_blocked_budget_operation_cannot_dispatch_or_write_after_sealing[close-mark_dispatched]" time="0.540" /><testcase classname="tests.test_model_gateway" name="test_budget_identity_and_settings_must_match_gateway[model]" time="0.005" /><testcase classname="tests.test_model_gateway" name="test_budget_identity_and_settings_must_match_gateway[settings]" time="0.004" /><testcase classname="tests.test_model_gateway" name="test_budget_identity_and_settings_must_match_gateway[binding]" time="0.003" /><testcase classname="tests.test_model_gateway" name="test_budget_identity_and_settings_must_match_gateway[upstream_base_url]" time="0.003" /><testcase classname="tests.test_model_gateway" name="test_production_budget_disallows_injected_client_and_disables_retries_and_environment" time="0.516" /><testcase classname="tests.test_model_gateway" name="test_fixture_budget_requires_mock_transport" time="0.014" /><testcase classname="tests.test_model_gateway" name="test_definite_provider_policy_violation_latches_further_dispatch_off[model]" time="0.538" /><testcase classname="tests.test_model_gateway" name="test_definite_provider_policy_violation_latches_further_dispatch_off[service_tier]" time="0.539" /><testcase classname="tests.test_model_gateway" name="test_definite_provider_policy_violation_latches_further_dispatch_off[input_tokens]" time="0.549" /><testcase classname="tests.test_model_gateway" name="test_definite_provider_policy_violation_latches_further_dispatch_off[output_tokens]" time="0.539" /><testcase classname="tests.test_model_gateway" name="test_missing_usage_keeps_funds_held_without_inventing_a_policy_mismatch" time="0.537" /><testcase classname="tests.test_model_gateway" name="test_response_created_policy_mismatch_blocks_next_call_before_stream_finishes[None]" time="0.543" /><testcase classname="tests.test_model_gateway" name="test_response_created_policy_mismatch_blocks_next_call_before_stream_finishes[gzip]" time="0.542" /><testcase classname="tests.test_omnigent_integration" name="test_prepare_creates_unique_authored_case_without_discovery_or_model_work" time="0.008" /><testcase classname="tests.test_omnigent_integration" name="test_controlled_discovery_freezes_execution_policy_and_flag" time="0.007" /><testcase classname="tests.test_omnigent_integration" name="test_controlled_discovery_policy_denies_unknown_tools_without_inspecting_arguments" time="0.005" /><testcase classname="tests.test_omnigent_integration" name="test_controlled_discovery_flag_cannot_enable_policy_on_legacy_case" time="0.004" /><testcase classname="tests.test_omnigent_integration" name="test_normal_runner_denies_unadvertised_registered_tools_before_execution" time="5.284" /><testcase classname="tests.test_omnigent_integration" name="test_case_binding_requires_host_identity_and_rejects_other_conversation" time="0.009" /><testcase classname="tests.test_omnigent_integration" name="test_bundle_fingerprint_rejects_changed_config_on_resume_and_bound_refresh" time="0.006" /><testcase classname="tests.test_omnigent_integration" name="test_explicit_settings_and_instructions_are_frozen_and_recorded" time="0.005" /><testcase classname="tests.test_omnigent_integration" name="test_host_bound_service_restores_saved_discovery_and_runtime" time="0.012" /><testcase classname="tests.test_omnigent_integration" name="test_case_budget_must_be_a_bounded_positive_amount[0]" time="0.001" /><testcase classname="tests.test_omnigent_integration" name="test_case_budget_must_be_a_bounded_positive_amount[-1]" time="0.001" /><testcase classname="tests.test_omnigent_integration" name="test_case_budget_must_be_a_bounded_positive_amount[101]" time="0.000" /><testcase classname="tests.test_omnigent_integration" name="test_case_budget_must_be_a_bounded_positive_amount[nan]" time="0.001" /><testcase classname="tests.test_omnigent_integration" name="test_case_budget_must_be_a_bounded_positive_amount[inf]" time="0.000" /><testcase classname="tests.test_omnigent_integration" name="test_usage_is_bound_to_discovery_and_excludes_followups_and_duplicate_delivery" time="0.000" /><testcase classname="tests.test_omnigent_integration" name="test_usage_preserves_unknown_and_interrupted_usage_and_rejects_conflicting_replay" time="0.000" /><testcase classname="tests.test_omnigent_integration" name="test_normal_server_runner_mcp_path_saves_and_recovers_a_pipeline" time="8.530" /><testcase classname="tests.test_optimization_archive" name="test_archive_keeps_exact_files_instructions_and_host_only_inputs" time="0.034" /><testcase classname="tests.test_optimization_archive" name="test_operation_replay_returns_prior_result_without_evaluator_call" time="0.024" /><testcase classname="tests.test_optimization_archive" name="test_candidate_python_is_archived_without_host_import_or_execution" time="0.016" /><testcase classname="tests.test_optimization_archive" name="test_development_artifact_symlink_fails_before_evaluator_or_feedback" time="0.016" /><testcase classname="tests.test_optimization_archive" name="test_baseline_gate_does_not_admit_candidate_or_consume_operation" time="0.015" /><testcase classname="tests.test_optimization_archive" name="test_model_archive_requires_host_verified_measured_baseline[False]" time="0.022" /><testcase classname="tests.test_optimization_archive" name="test_model_archive_requires_host_verified_measured_baseline[True]" time="0.025" /><testcase classname="tests.test_optimization_archive" name="test_model_archive_rejects_unreviewed_cases" time="0.002" /><testcase classname="tests.test_optimization_archive" name="test_unverified_model_candidate_cannot_enter_selected_frontier" time="0.039" /><testcase classname="tests.test_optimization_archive" name="test_model_archive_cannot_omit_frozen_controls[runtime]" time="0.006" /><testcase classname="tests.test_optimization_archive" name="test_model_archive_cannot_omit_frozen_controls[model]" time="0.005" /><testcase classname="tests.test_optimization_archive" name="test_model_archive_cannot_omit_frozen_controls[model_settings]" time="0.005" /><testcase classname="tests.test_optimization_archive" name="test_model_archive_cannot_omit_frozen_controls[provider]" time="0.005" /><testcase classname="tests.test_optimization_archive" name="test_model_archive_cannot_omit_frozen_controls[provider_settings]" time="0.006" /><testcase classname="tests.test_optimization_archive" name="test_model_archive_cannot_omit_frozen_controls[budgets]" time="0.006" /><testcase classname="tests.test_optimization_archive" name="test_model_archive_cannot_omit_frozen_controls[sandbox]" time="0.005" /><testcase classname="tests.test_optimization_archive" name="test_model_archive_rejects_incomplete_or_inconsistent_budgets[search]" time="0.006" /><testcase classname="tests.test_optimization_archive" name="test_model_archive_rejects_incomplete_or_inconsistent_budgets[zero_deadline]" time="0.005" /><testcase classname="tests.test_optimization_archive" name="test_model_archive_rejects_incomplete_or_inconsistent_budgets[negative]" time="0.005" /><testcase classname="tests.test_optimization_archive" name="test_model_archive_rejects_incomplete_or_inconsistent_budgets[boolean]" time="0.005" /><testcase classname="tests.test_optimization_archive" name="test_model_archive_rejects_incomplete_or_inconsistent_budgets[model_mismatch]" time="0.005" /><testcase classname="tests.test_optimization_archive" name="test_model_archive_rejects_incomplete_or_inconsistent_budgets[image]" time="0.005" /><testcase classname="tests.test_optimization_archive" name="test_model_archive_rejects_incomplete_or_inconsistent_budgets[sandbox_default]" time="0.005" /><testcase classname="tests.test_optimization_archive" name="test_rejects_foreign_evidence_binding_and_preserves_all_artifacts[candidate_id-foreign]" time="0.023" /><testcase classname="tests.test_optimization_archive" name="test_rejects_foreign_evidence_binding_and_preserves_all_artifacts[candidate_sha256-0000000000000000000000000000000000000000000000000000000000000000]" time="0.023" /><testcase classname="tests.test_optimization_archive" name="test_rejects_foreign_evidence_binding_and_preserves_all_artifacts[artifacts_sha256-0000000000000000000000000000000000000000000000000000000000000000]" time="0.023" /><testcase classname="tests.test_optimization_archive" name="test_rejects_foreign_evidence_binding_and_preserves_all_artifacts[controls_sha256-0000000000000000000000000000000000000000000000000000000000000000]" time="0.022" /><testcase classname="tests.test_optimization_archive" name="test_rejects_foreign_evidence_binding_and_preserves_all_artifacts[evaluator_sha256-0000000000000000000000000000000000000000000000000000000000000000]" time="0.023" /><testcase classname="tests.test_optimization_archive" name="test_rejects_foreign_evidence_binding_and_preserves_all_artifacts[benchmark_sha256-0000000000000000000000000000000000000000000000000000000000000000]" time="0.022" /><testcase classname="tests.test_optimization_archive" name="test_rejects_foreign_evidence_binding_and_preserves_all_artifacts[execution-model]" time="0.023" /><testcase classname="tests.test_optimization_archive" name="test_rejects_foreign_evidence_binding_and_preserves_all_artifacts[split-heldout]" time="0.022" /><testcase classname="tests.test_optimization_archive" name="test_full_independent_case_evidence_is_required[missing]" time="0.019" /><testcase classname="tests.test_optimization_archive" name="test_full_independent_case_evidence_is_required[duplicate]" time="0.018" /><testcase classname="tests.test_optimization_archive" name="test_full_independent_case_evidence_is_required[foreign]" time="0.018" /><testcase classname="tests.test_optimization_archive" name="test_full_independent_case_evidence_is_required[path_escape]" time="0.018" /><testcase classname="tests.test_optimization_archive" name="test_full_independent_case_evidence_is_required[unarchived]" time="0.019" /><testcase classname="tests.test_optimization_archive" name="test_full_independent_case_evidence_is_required[aggregate]" time="0.019" /><testcase classname="tests.test_optimization_archive" name="test_failed_and_unknown_candidates_remain_visible_on_selection" time="0.194" /><testcase classname="tests.test_optimization_archive" name="test_unresolved_evaluator_is_not_replayed_and_can_be_explicitly_archived" time="0.054" /><testcase classname="tests.test_optimization_archive" name="test_feedback_published_before_journal_failure_is_recovered_without_callback_replay[same_operation-register]" time="0.021" /><testcase classname="tests.test_optimization_archive" name="test_feedback_published_before_journal_failure_is_recovered_without_callback_replay[same_operation-development]" time="0.033" /><testcase classname="tests.test_optimization_archive" name="test_feedback_published_before_journal_failure_is_recovered_without_callback_replay[explicit-register]" time="0.022" /><testcase classname="tests.test_optimization_archive" name="test_feedback_published_before_journal_failure_is_recovered_without_callback_replay[explicit-development]" time="0.033" /><testcase classname="tests.test_optimization_archive" name="test_partial_pending_feedback_copy_is_completed_from_frozen_host_files" time="0.023" /><testcase classname="tests.test_optimization_archive" name="test_partial_file_write_stays_outside_feedback_and_recovers_without_callback" time="0.025" /><testcase classname="tests.test_optimization_archive" name="test_pending_publication_does_not_authorize_unexpected_or_changed_files[extra_file]" time="0.020" /><testcase classname="tests.test_optimization_archive" name="test_pending_publication_does_not_authorize_unexpected_or_changed_files[changed_feedback]" time="0.020" /><testcase classname="tests.test_optimization_archive" name="test_pending_publication_does_not_authorize_unexpected_or_changed_files[changed_host]" time="0.020" /><testcase classname="tests.test_optimization_archive" name="test_selection_intent_closes_search_and_resumes_only_its_fixed_decision[intent]" time="0.037" /><testcase classname="tests.test_optimization_archive" name="test_selection_intent_closes_search_and_resumes_only_its_fixed_decision[completion]" time="0.036" /><testcase classname="tests.test_optimization_archive" name="test_detects_archived_artifact_mutation_before_reuse[host/candidates/baseline/bundle/source/strategy.py]" time="0.019" /><testcase classname="tests.test_optimization_archive" name="test_detects_archived_artifact_mutation_before_reuse[host/candidates/baseline/development/artifacts/trace.jsonl]" time="0.021" /><testcase classname="tests.test_optimization_archive" name="test_detects_archived_artifact_mutation_before_reuse[host/frozen/backend/config.py]" time="0.019" /><testcase classname="tests.test_optimization_archive" name="test_detects_archived_artifact_mutation_before_reuse[feedback/candidates/baseline/bundle/source/strategy.py]" time="0.020" /><testcase classname="tests.test_optimization_archive" name="test_detects_archived_artifact_mutation_before_reuse[feedback/candidates/baseline/development/evidence.json]" time="0.019" /><testcase classname="tests.test_optimization_archive" name="test_detects_archived_artifact_mutation_before_reuse[feedback/unexpected-private-data.txt]" time="0.020" /><testcase classname="tests.test_optimization_archive" name="test_candidate_links_cannot_escape_source_root[file]" time="0.007" /><testcase classname="tests.test_optimization_archive" name="test_candidate_links_cannot_escape_source_root[directory]" time="0.007" /><testcase classname="tests.test_optimization_archive" name="test_candidate_links_cannot_escape_source_root[root]" time="0.006" /><testcase classname="tests.test_optimization_archive" name="test_candidate_links_cannot_escape_source_root[hardlink]" time="0.007" /><testcase classname="tests.test_optimization_archive" name="test_candidate_ids_cannot_escape_archive[../escape]" time="0.005" /><testcase classname="tests.test_optimization_archive" name="test_candidate_ids_cannot_escape_archive[nested/id]" time="0.006" /><testcase classname="tests.test_optimization_archive" name="test_candidate_ids_cannot_escape_archive[.]" time="0.006" /><testcase classname="tests.test_optimization_archive" name="test_candidate_ids_cannot_escape_archive[..]" time="0.005" /><testcase classname="tests.test_optimization_archive" name="test_candidate_ids_cannot_escape_archive[/absolute]" time="0.005" /><testcase classname="tests.test_optimization_archive" name="test_candidate_ids_cannot_escape_archive[bad\\id]" time="0.005" /><testcase classname="tests.test_optimization_archive" name="test_artifact_limit_fails_without_silently_dropping_logs" time="0.020" /><testcase classname="tests.test_optimization_archive" name="test_private_final_results_never_enter_feedback_and_search_stays_closed[completed]" time="0.046" /><testcase classname="tests.test_optimization_archive" name="test_private_final_results_never_enter_feedback_and_search_stays_closed[failed]" time="0.046" /><testcase classname="tests.test_optimization_archive" name="test_private_final_results_never_enter_feedback_and_search_stays_closed[interrupted]" time="0.047" /><testcase classname="tests.test_optimization_archive" name="test_final_directory_creation_failure_cannot_reopen_search_or_replay" time="0.033" /><testcase classname="tests.test_optimization_archive" name="test_failed_final_preparation_can_close_with_explicit_missing_evidence[failed-mkdir]" time="0.044" /><testcase classname="tests.test_optimization_archive" name="test_failed_final_preparation_can_close_with_explicit_missing_evidence[failed-selection]" time="0.045" /><testcase classname="tests.test_optimization_archive" name="test_failed_final_preparation_can_close_with_explicit_missing_evidence[failed-begin_commit]" time="0.044" /><testcase classname="tests.test_optimization_archive" name="test_failed_final_preparation_can_close_with_explicit_missing_evidence[interrupted-mkdir]" time="0.044" /><testcase classname="tests.test_optimization_archive" name="test_failed_final_preparation_can_close_with_explicit_missing_evidence[interrupted-selection]" time="0.045" /><testcase classname="tests.test_optimization_archive" name="test_failed_final_preparation_can_close_with_explicit_missing_evidence[interrupted-begin_commit]" time="0.043" /><testcase classname="tests.test_optimization_archive" name="test_missing_preparation_seal_intent_survives_another_journal_write_failure" time="0.031" /><testcase classname="tests.test_optimization_archive" name="test_final_archive_written_before_journal_failure_is_reconciled_without_reexecution[False]" time="0.034" /><testcase classname="tests.test_optimization_archive" name="test_final_archive_written_before_journal_failure_is_reconciled_without_reexecution[True]" time="0.034" /><testcase classname="tests.test_optimization_archive" name="test_final_directory_cannot_be_inside_search_or_host_archive[feedback/private]" time="0.023" /><testcase classname="tests.test_optimization_archive" name="test_final_directory_cannot_be_inside_search_or_host_archive[host/private]" time="0.025" /><testcase classname="tests.test_optimization_archive" name="test_final_directory_cannot_be_inside_search_or_host_archive[feedback]" time="0.025" /><testcase classname="tests.test_optimization_archive" name="test_final_directory_cannot_be_inside_search_or_host_archive[host]" time="0.053" /><testcase classname="tests.test_optimization_archive" name="test_heldout_manifest_cannot_be_created_as_search_archive" time="0.006" /><testcase classname="tests.test_pipeline" name="test_idempotent_versions_and_conditional_reobservation[sqlite]" time="0.005" /><testcase classname="tests.test_pipeline" name="test_asof_selects_revisions_and_reversions_without_publication_leakage[sqlite]" time="0.006" /><testcase classname="tests.test_pipeline" name="test_later_page_failure_does_not_publish_or_advance_state[sqlite]" time="0.005" /><testcase classname="tests.test_pipeline" name="test_malformed_record_quarantines_and_preserves_raw_for_replay[sqlite]" time="0.004" /><testcase classname="tests.test_pipeline" name="test_incomplete_or_unsafe_pagination_is_not_published[sqlite-loop]" time="0.004" /><testcase classname="tests.test_pipeline" name="test_incomplete_or_unsafe_pagination_is_not_published[sqlite-limit]" time="0.003" /><testcase classname="tests.test_pipeline" name="test_incomplete_or_unsafe_pagination_is_not_published[sqlite-missing]" time="0.004" /><testcase classname="tests.test_pipeline" name="test_incomplete_or_unsafe_pagination_is_not_published[sqlite-cross_origin]" time="0.003" /><testcase classname="tests.test_pipeline" name="test_one_failed_source_does_not_block_other_sources[sqlite]" time="0.004" /><testcase classname="tests.test_pipeline" name="test_due_only_skips_without_network_and_config_change_forces_run[sqlite]" time="0.005" /><testcase classname="tests.test_pipeline" name="test_sample_probe_never_publishes_or_advances_ingestion_state[sqlite]" time="0.003" /><testcase classname="tests.test_pipeline" name="test_blob_tampering_is_detected_during_replay[sqlite]" time="0.004" /><testcase classname="tests.test_pipeline" name="test_advertised_pagination_cannot_be_silently_ignored[sqlite]" time="0.003" /><testcase classname="tests.test_pipeline" name="test_declared_terminal_page_convention_allows_missing_next[sqlite]" time="0.003" /><testcase classname="tests.test_pipeline" name="test_collection_time_is_not_backdated_before_atomic_publication[sqlite]" time="0.004" /><testcase classname="tests.test_pipeline" name="test_export_uses_the_declared_source_universe[sqlite]" time="0.004" /><testcase classname="tests.test_research_benchmark" name="test_development_suite_has_twenty_authored_diverse_cases_and_candidate_safe_tasks" time="0.005" /><testcase classname="tests.test_research_benchmark" name="test_offline_comparison_uses_real_service_artifacts_without_claiming_model_scores" time="0.343" /><testcase classname="tests.test_research_benchmark" name="test_strategy_comparison_rejects_changed_controls[model-different-model]" time="0.003" /><testcase classname="tests.test_research_benchmark" name="test_strategy_comparison_rejects_changed_controls[provider-different-provider]" time="0.003" /><testcase classname="tests.test_research_benchmark" name="test_strategy_comparison_rejects_changed_controls[model_settings-value2]" time="0.002" /><testcase classname="tests.test_research_benchmark" name="test_strategy_comparison_rejects_changed_controls[provider_settings-value3]" time="0.002" /><testcase classname="tests.test_research_benchmark" name="test_strategy_comparison_rejects_changed_controls[budgets-value4]" time="0.002" /><testcase classname="tests.test_research_benchmark" name="test_strategy_comparison_rejects_changed_controls[backend_sha256-aaaaaaaaaaaaaaaaaaaaaaaaaaaaaaaaaaaaaaaaaaaaaaaaaaaaaaaaaaaaaaaa]" time="0.003" /><testcase classname="tests.test_research_benchmark" name="test_strategy_comparison_rejects_changed_controls[execution-model]" time="0.003" /><testcase classname="tests.test_research_benchmark" name="test_strategy_comparison_rejects_changed_controls[runtime-other-runtime]" time="0.003" /><testcase classname="tests.test_research_benchmark" name="test_runtime_comparison_requires_identical_strategy_and_accepts_only_runtime_difference" time="0.014" /><testcase classname="tests.test_research_benchmark" name="test_even_matching_declared_controls_cannot_contradict_saved_metadata[model]" time="0.003" /><testcase classname="tests.test_research_benchmark" name="test_even_matching_declared_controls_cannot_contradict_saved_metadata[provider]" time="0.004" /><testcase classname="tests.test_research_benchmark" name="test_completed_no_search_proposal_stays_in_comparison_with_unverified_provider" time="0.055" /><testcase classname="tests.test_research_benchmark" name="test_actual_foreign_provider_receipt_still_rejects_comparison" time="0.045" /><testcase classname="tests.test_research_benchmark" name="test_case_omission_duplicate_or_revision_mismatch_invalidates_comparison[missing]" time="0.003" /><testcase classname="tests.test_research_benchmark" name="test_case_omission_duplicate_or_revision_mismatch_invalidates_comparison[duplicate]" time="0.002" /><testcase classname="tests.test_research_benchmark" name="test_case_omission_duplicate_or_revision_mismatch_invalidates_comparison[revision]" time="0.002" /><testcase classname="tests.test_research_benchmark" name="test_case_omission_duplicate_or_revision_mismatch_invalidates_comparison[fixtures]" time="0.002" /><testcase classname="tests.test_research_benchmark" name="test_failures_stay_in_denominator_and_partial_usage_stays_unknown" time="0.021" /><testcase classname="tests.test_research_benchmark" name="test_invalid_artifacts_count_separately_and_get_no_aggregate_coverage" time="0.043" /><testcase classname="tests.test_research_benchmark" name="test_manifest_detects_modified_case_or_http_fixture_bytes[case]" time="0.006" /><testcase classname="tests.test_research_benchmark" name="test_manifest_detects_modified_case_or_http_fixture_bytes[fixture]" time="0.006" /><testcase classname="tests.test_research_benchmark" name="test_private_split_check_returns_counts_without_exposing_task_contents" time="0.005" /><testcase classname="tests.test_research_benchmark" name="test_split_check_rejects_leaking_group_dimensions_without_listing_private_values[case id]" time="0.005" /><testcase classname="tests.test_research_benchmark" name="test_split_check_rejects_leaking_group_dimensions_without_listing_private_values[topic group]" time="0.005" /><testcase classname="tests.test_research_benchmark" name="test_split_check_rejects_leaking_group_dimensions_without_listing_private_values[source family]" time="0.005" /><testcase classname="tests.test_research_benchmark" name="test_split_check_rejects_leaking_group_dimensions_without_listing_private_values[brief]" time="0.005" /><testcase classname="tests.test_research_benchmark" name="test_split_check_rejects_leaking_group_dimensions_without_listing_private_values[source host]" time="0.007" /><testcase classname="tests.test_research_benchmark" name="test_case_references_cannot_escape_package_even_through_symlinks" time="0.001" /><testcase classname="tests.test_research_benchmark" name="test_split_check_also_detects_identical_fixture_content" time="0.006" /><testcase classname="tests.test_research_benchmark" name="test_cost_and_budget_types_cannot_turn_boolean_unknowns_into_zero" time="0.000" /><testcase classname="tests.test_research_benchmark" name="test_benchmark_cli_checks_and_writes_comparison_report" time="0.155" /><testcase classname="tests.test_research_benchmark" name="test_runtime_discovery_usage_excludes_followups_deduplicates_events_and_stays_a_lower_bound" time="0.004" /><testcase classname="tests.test_research_benchmark" name="test_runtime_usage_mismatch_preserves_source_quality_but_cannot_establish_cost[discovery]" time="0.003" /><testcase classname="tests.test_research_benchmark" name="test_runtime_usage_mismatch_preserves_source_quality_but_cannot_establish_cost[question]" time="0.003" /><testcase classname="tests.test_research_benchmark" name="test_runtime_usage_mismatch_preserves_source_quality_but_cannot_establish_cost[phase]" time="0.003" /><testcase classname="tests.test_research_benchmark" name="test_runtime_usage_mismatch_preserves_source_quality_but_cannot_establish_cost[totals]" time="0.003" /><testcase classname="tests.test_research_benchmark" name="test_runtime_usage_mismatch_preserves_source_quality_but_cannot_establish_cost[model]" time="0.003" /><testcase classname="tests.test_research_benchmark" name="test_runtime_usage_mismatch_preserves_source_quality_but_cannot_establish_cost[conflicting-duplicate]" time="0.003" /><testcase classname="tests.test_research_benchmark" name="test_runtime_usage_mismatch_preserves_source_quality_but_cannot_establish_cost[path]" time="0.003" /><testcase classname="tests.test_research_benchmark" name="test_runtime_usage_mismatch_preserves_source_quality_but_cannot_establish_cost[false-completeness]" time="0.003" /><testcase classname="tests.test_research_benchmark" name="test_runtime_usage_mismatch_preserves_source_quality_but_cannot_establish_cost[phase-event]" time="0.003" /><testcase classname="tests.test_research_benchmark" name="test_runtime_usage_mismatch_preserves_source_quality_but_cannot_establish_cost[untagged-event]" time="0.003" /><testcase classname="tests.test_research_benchmark" name="test_runtime_usage_mismatch_preserves_source_quality_but_cannot_establish_cost[followup-relabelled-as-discovery]" time="0.003" /><testcase classname="tests.test_research_benchmark" name="test_changed_source_snapshot_and_duplicate_json_ids_are_rejected" time="0.003" /><testcase classname="tests.test_research_benchmark" name="test_explicit_complete_usage_requires_known_auxiliary_usage_and_no_interruption" time="0.003" /><testcase classname="tests.test_research_benchmark" name="test_benchmark_consumes_runtime_file_reference_without_numeric_override" time="0.012" /><testcase classname="tests.test_research_budget" name="test_plan_uses_explicit_frozen_rates_and_worst_case_request_counts" time="0.000" /><testcase classname="tests.test_research_budget" name="test_rate_card_rejects_inexact_or_invalid_money[0.1]" time="0.000" /><testcase classname="tests.test_research_budget" name="test_rate_card_rejects_inexact_or_invalid_money[True]" time="0.000" /><testcase classname="tests.test_research_budget" name="test_rate_card_rejects_inexact_or_invalid_money[NaN]" time="0.000" /><testcase classname="tests.test_research_budget" name="test_rate_card_rejects_inexact_or_invalid_money[Infinity]" time="0.000" /><testcase classname="tests.test_research_budget" name="test_rate_card_rejects_inexact_or_invalid_money[-0.01]" time="0.000" /><testcase classname="tests.test_research_budget" name="test_rate_math_is_independent_of_decimal_context_and_rounds_conservatively" time="0.002" /><testcase classname="tests.test_research_budget" name="test_reservation_retry_and_restart_never_create_a_second_charge" time="0.002" /><testcase classname="tests.test_research_budget" name="test_settlement_releases_only_verified_remainder_and_is_terminal" time="0.003" /><testcase classname="tests.test_research_budget" name="test_unknown_incomplete_or_out_of_bound_usage_cannot_release_budget[invalid0]" time="0.002" /><testcase classname="tests.test_research_budget" name="test_unknown_incomplete_or_out_of_bound_usage_cannot_release_budget[invalid1]" time="0.002" /><testcase classname="tests.test_research_budget" name="test_unknown_incomplete_or_out_of_bound_usage_cannot_release_budget[invalid2]" time="0.002" /><testcase classname="tests.test_research_budget" name="test_unknown_incomplete_or_out_of_bound_usage_cannot_release_budget[invalid3]" time="0.002" /><testcase classname="tests.test_research_budget" name="test_unknown_incomplete_or_out_of_bound_usage_cannot_release_budget[invalid4]" time="0.002" /><testcase classname="tests.test_research_budget" name="test_unknown_incomplete_or_out_of_bound_usage_cannot_release_budget[invalid5]" time="0.002" /><testcase classname="tests.test_research_budget" name="test_unknown_incomplete_or_out_of_bound_usage_cannot_release_budget[invalid6]" time="0.002" /><testcase classname="tests.test_research_budget" name="test_unknown_incomplete_or_out_of_bound_usage_cannot_release_budget[invalid7]" time="0.002" /><testcase classname="tests.test_research_budget" name="test_interrupted_dispatch_keeps_reservation_across_restart_and_cannot_be_resent" time="0.003" /><testcase classname="tests.test_research_budget" name="test_pre_dispatch_release_requires_complete_bound_proof_and_does_not_rearm_id" time="0.003" /><testcase classname="tests.test_research_budget" name="test_failed_atomic_settlement_keeps_the_previous_full_reservation" time="0.002" /><testcase classname="tests.test_research_budget" name="test_authorization_is_separate_caller_metadata_and_retains_history" time="0.002" /><testcase classname="tests.test_research_budget" name="test_concurrent_process_reservations_never_exceed_the_ceiling[False]" time="0.242" /><testcase classname="tests.test_research_budget" name="test_concurrent_process_reservations_never_exceed_the_ceiling[True]" time="0.233" /><testcase classname="tests.test_research_budget" name="test_racing_settlements_cannot_replace_the_first_verified_usage" time="0.114" /><testcase classname="tests.test_research_budget" name="test_process_crash_after_dispatch_marker_preserves_the_full_charge" time="0.110" /><testcase classname="tests.test_research_budget" name="test_corrupt_journal_fails_closed_instead_of_reinitializing[negative_charge]" time="0.002" /><testcase classname="tests.test_research_budget" name="test_corrupt_journal_fails_closed_instead_of_reinitializing[unknown_status]" time="0.001" /><testcase classname="tests.test_research_budget" name="test_corrupt_journal_fails_closed_instead_of_reinitializing[missing_hold]" time="0.002" /><testcase classname="tests.test_research_budget" name="test_corrupt_journal_fails_closed_instead_of_reinitializing[invalid_json]" time="0.001" /><testcase classname="tests.test_research_controller" name="test_preparation_freezes_bytes_controls_and_candidate_task" time="0.034" /><testcase classname="tests.test_research_controller" name="test_completed_and_failed_cases_remain_in_both_arms" time="0.104" /><testcase classname="tests.test_research_controller" name="test_interruption_requires_explicit_resolution_without_replay" time="0.043" /><testcase classname="tests.test_research_controller" name="test_active_controller_cannot_be_replayed_or_marked_interrupted" time="0.027" /><testcase classname="tests.test_research_controller" name="test_frozen_inputs_cannot_change_before_execution[instructions.md]" time="0.025" /><testcase classname="tests.test_research_controller" name="test_frozen_inputs_cannot_change_before_execution[benchmark/fixtures/filing-stable-accession.json]" time="0.019" /><testcase classname="tests.test_research_controller" name="test_frozen_inputs_cannot_change_before_execution[implementation/src/research_harness/config.py]" time="0.021" /><testcase classname="tests.test_research_controller" name="test_current_source_change_requires_new_experiment" time="0.022" /><testcase classname="tests.test_research_controller" name="test_result_outside_case_is_failed_and_cannot_be_reused" time="0.025" /><testcase classname="tests.test_research_controller" name="test_finalization_refuses_pending_cases_and_modified_saved_artifacts" time="0.093" /><testcase classname="tests.test_research_controller" name="test_preparation_rejects_heldout_without_creating_output" time="0.008" /><testcase classname="tests.test_research_controller" name="test_finalization_checks_complete_inventory_and_case_binding[add-scoring-input]" time="0.088" /><testcase classname="tests.test_research_controller" name="test_finalization_checks_complete_inventory_and_case_binding[foreign-case-reference]" time="0.090" /><testcase classname="tests.test_research_controller" name="test_directory_creation_failure_is_durably_resolvable" time="0.028" /><testcase classname="tests.test_research_controller" name="test_failed_executor_retains_partial_artifacts_with_unknown_total" time="0.026" /><testcase classname="tests.test_research_controller" name="test_gateway_usage_survives_case_failure_and_requires_matching_evidence[completed]" time="1.196" /><testcase classname="tests.test_research_controller" name="test_gateway_usage_survives_case_failure_and_requires_matching_evidence[failed]" time="1.158" /><testcase classname="tests.test_research_controller" name="test_gateway_usage_survives_case_failure_and_requires_matching_evidence[interrupted]" time="1.180" /><testcase classname="tests.test_research_controller" name="test_gateway_usage_survives_case_failure_and_requires_matching_evidence[no-proposal]" time="1.181" /><testcase classname="tests.test_research_controller" name="test_gateway_usage_survives_case_failure_and_requires_matching_evidence[unknown]" time="1.191" /><testcase classname="tests.test_research_controller" name="test_gateway_usage_survives_case_failure_and_requires_matching_evidence[wrong-binding]" time="1.174" /><testcase classname="tests.test_research_controller" name="test_gateway_usage_survives_case_failure_and_requires_matching_evidence[relaxed-limits]" time="1.146" /><testcase classname="tests.test_research_controller" name="test_gateway_artifacts_are_frozen_before_comparison" time="1.177" /><testcase classname="tests.test_research_controller" name="test_finalization_cannot_drop_recorded_usage_reference" time="0.093" /><testcase classname="tests.test_research_evaluation" name="test_agent_cannot_remove_independent_needs_or_self_assign_coverage" time="0.001" /><testcase classname="tests.test_research_evaluation" name="test_unbound_gateway_usage_cannot_fall_back_to_proposal_tokens" time="0.001" /><testcase classname="tests.test_research_evaluation" name="test_workflow_usage_cannot_be_selected_for_discovery" time="0.001" /><testcase classname="tests.test_research_evaluation" name="test_weighted_requirements_and_accepted_alternatives" time="0.001" /><testcase classname="tests.test_research_evaluation" name="test_successful_irrelevant_source_and_exact_configuration_do_not_earn_credit" time="0.001" /><testcase classname="tests.test_research_evaluation" name="test_changed_configuration_invalidates_even_apparently_complete_report" time="0.001" /><testcase classname="tests.test_research_evaluation" name="test_success_status_without_valid_record_count_is_not_a_probe[0]" time="0.001" /><testcase classname="tests.test_research_evaluation" name="test_success_status_without_valid_record_count_is_not
[...]
7" /><testcase classname="tests.test_research_service" name="test_changed_configuration_and_mixed_unobserved_citations_are_rejected[sqlite]" time="0.012" /><testcase classname="tests.test_research_service" name="test_failed_probes_count_against_durable_budget[sqlite]" time="0.011" /><testcase classname="tests.test_research_service" name="test_failed_inspection_is_cached_and_does_not_repeat_network[sqlite]" time="0.012" /><testcase classname="tests.test_research_service" name="test_saved_operations_remain_readable_after_deadline_but_new_work_stops[sqlite]" time="0.010" /><testcase classname="tests.test_research_service" name="test_proposal_and_pipeline_rollback_together_and_can_be_repaired[sqlite]" time="0.015" /><testcase classname="tests.test_research_service" name="test_interrupted_operation_is_not_reexecuted_under_same_id[sqlite]" time="0.007" /><testcase classname="tests.test_research_service" name="test_concurrent_duplicate_cannot_execute_while_first_owner_is_running[sqlite]" time="0.009" /><testcase classname="tests.test_research_service" name="test_existing_output_and_changed_brief_do_not_overwrite_case[sqlite]" time="0.008" /><testcase classname="tests.test_research_service" name="test_unrelated_discovery_can_work_while_another_waits_for_http[sqlite]" time="0.013" /><testcase classname="tests.test_research_service" name="test_sqlite_v2_migration_preserves_registry_and_is_repeatable" time="0.006" /><testcase classname="tests.test_research_service" name="test_nested_registry_transactions_roll_back_with_outer_transaction[sqlite]" time="0.002" /><testcase classname="tests.test_research_workflow_evaluation" name="test_success_and_replay_are_measured_separately[sqlite]" time="0.017" /><testcase classname="tests.test_research_workflow_evaluation" name="test_fixed_cutoff_reconstructs_original_records_and_preserves_config[sqlite]" time="0.026" /><testcase classname="tests.test_research_workflow_evaluation" name="test_availability_cutoff_excludes_earlier_capture_not_yet_published[sqlite]" time="0.017" /><testcase classname="tests.test_research_workflow_evaluation" name="test_export_delivery_is_unknown_without_returned_manifest[sqlite]" time="0.022" /><testcase classname="tests.test_research_workflow_evaluation" name="test_database_success_cannot_hide_corrupt_publication[sqlite-capture]" time="0.014" /><testcase classname="tests.test_research_workflow_evaluation" name="test_database_success_cannot_hide_corrupt_publication[sqlite-lineage]" time="0.013" /><testcase classname="tests.test_research_workflow_evaluation" name="test_database_success_cannot_hide_corrupt_publication[sqlite-configuration]" time="0.014" /><testcase classname="tests.test_research_workflow_evaluation" name="test_database_success_cannot_hide_corrupt_publication[sqlite-job_claim]" time="0.014" /><testcase classname="tests.test_research_workflow_evaluation" name="test_archived_export_hash_checked_even_when_files_exist[sqlite]" time="0.019" /><testcase classname="tests.test_research_workflow_evaluation" name="test_cancel_before_start_neither_creates_store_nor_claims_work_done[sqlite]" time="0.014" /><testcase classname="tests.test_research_workflow_evaluation" name="test_partial_cancellation_and_interruption_preserve_published_sources_on_replay[sqlite-False]" time="0.020" /><testcase classname="tests.test_research_workflow_evaluation" name="test_partial_cancellation_and_interruption_preserve_published_sources_on_replay[sqlite-True]" time="0.023" /><testcase classname="tests.test_research_workflow_evaluation" name="test_pending_does_not_pass_a_claim_of_completion[sqlite]" time="0.010" /><testcase classname="tests.test_research_workflow_evaluation" name="test_snapshot_does_not_create_an_absent_dataset[sqlite]" time="0.006" /><testcase classname="tests.test_research_workflow_evaluation" name="test_cancelled_pagination_keeps_captures_without_partial_publication[sqlite]" time="0.015" /><testcase classname="tests.test_research_workflow_evaluation" name="test_self_consistent_but_wrong_export_records_fail_independent_selector[sqlite]" time="0.019" /><testcase classname="tests.test_research_workflow_evaluation" name="test_same_pipeline_name_other_question_cannot_supply_publication[sqlite]" time="0.019" /><testcase classname="tests.test_research_workflow_evaluation" name="test_independent_request_cannot_be_replaced_by_actual_job_values[sqlite-operation_id]" time="0.013" /><testcase classname="tests.test_research_workflow_evaluation" name="test_independent_request_cannot_be_replaced_by_actual_job_values[sqlite-run_id]" time="0.013" /><testcase classname="tests.test_research_workflow_evaluation" name="test_independent_request_cannot_be_replaced_by_actual_job_values[sqlite-due_only]" time="0.014" /><testcase classname="tests.test_research_workflow_evaluation" name="test_replay_rejects_changed_publication_and_unknown_before[sqlite]" time="0.013" /><testcase classname="tests.test_research_workflow_evaluation" name="test_wrong_saved_operation_result_is_detected[sqlite]" time="0.014" /><testcase classname="tests.test_research_workflow_summary" name="test_mixed_outcomes_retain_every_case_including_failed_executions" time="0.001" /><testcase classname="tests.test_research_workflow_summary" name="test_all_missing_is_incomplete_and_does_not_turn_zero_checks_into_success" time="0.000" /><testcase classname="tests.test_research_workflow_summary" name="test_real_archived_reports_keep_replay_unknown" time="0.000" /><testcase classname="tests.test_research_workflow_summary" name="test_case_set_contract_rejects_empty_duplicate_or_foreign_cases[expected0-reports0]" time="0.000" /><testcase classname="tests.test_research_workflow_summary" name="test_case_set_contract_rejects_empty_duplicate_or_foreign_cases[expected1-reports1]" time="0.000" /><testcase classname="tests.test_research_workflow_summary" name="test_case_set_contract_rejects_empty_duplicate_or_foreign_cases[case-id-reports2]" time="0.000" /><testcase classname="tests.test_research_workflow_summary" name="test_case_set_contract_rejects_empty_duplicate_or_foreign_cases[expected3-reports3]" time="0.000" /><testcase classname="tests.test_research_workflow_summary" name="test_case_set_contract_rejects_empty_duplicate_or_foreign_cases[expected4-reports4]" time="0.000" /><testcase classname="tests.test_research_workflow_summary" name="test_case_set_contract_rejects_empty_duplicate_or_foreign_cases[expected5-reports5]" time="0.000" /><testcase classname="tests.test_research_workflow_summary" name="test_case_set_contract_rejects_empty_duplicate_or_foreign_cases[expected6-reports6]" time="0.000" /><testcase classname="tests.test_research_workflow_summary" name="test_case_set_contract_rejects_empty_duplicate_or_foreign_cases[expected7-reports7]" time="0.000" /><testcase classname="tests.test_research_workflow_summary" name="test_foreign_and_reused_case_bindings_are_rejected[wrapper]" time="0.000" /><testcase classname="tests.test_research_workflow_summary" name="test_foreign_and_reused_case_bindings_are_rejected[report]" time="0.000" /><testcase classname="tests.test_research_workflow_summary" name="test_foreign_and_reused_case_bindings_are_rejected[nested]" time="0.000" /><testcase classname="tests.test_research_workflow_summary" name="test_foreign_and_reused_case_bindings_are_rejected[repeated]" time="0.000" /><testcase classname="tests.test_research_workflow_summary" name="test_custom_mapping_cannot_deliver_same_case_twice" time="0.000" /><testcase classname="tests.test_research_workflow_summary" name="test_malformed_reports_stay_in_denominator_as_invalid[status]" time="0.001" /><testcase classname="tests.test_research_workflow_summary" name="test_malformed_reports_stay_in_denominator_as_invalid[count]" time="0.000" /><testcase classname="tests.test_research_workflow_summary" name="test_malformed_reports_stay_in_denominator_as_invalid[bool_count]" time="0.000" /><testcase classname="tests.test_research_workflow_summary" name="test_malformed_reports_stay_in_denominator_as_invalid[bool_version]" time="0.000" /><testcase classname="tests.test_research_workflow_summary" name="test_malformed_reports_stay_in_denominator_as_invalid[future_schema]" time="0.000" /><testcase classname="tests.test_research_workflow_summary" name="test_malformed_reports_stay_in_denominator_as_invalid[duplicate_check]" time="0.000" /><testcase classname="tests.test_research_workflow_summary" name="test_malformed_reports_stay_in_denominator_as_invalid[empty_checks]" time="0.000" /><testcase classname="tests.test_research_workflow_summary" name="test_malformed_reports_stay_in_denominator_as_invalid[nonfinite_detail]" time="0.000" /><testcase classname="tests.test_research_workflow_summary" name="test_malformed_reports_stay_in_denominator_as_invalid[wrong_hash]" time="0.000" /><testcase classname="tests.test_research_workflow_summary" name="test_malformed_reports_stay_in_denominator_as_invalid[wrong_measurement]" time="0.000" /><testcase classname="tests.test_research_workflow_summary" name="test_malformed_reports_stay_in_denominator_as_invalid[unknown_status]" time="0.000" /><testcase classname="tests.test_research_workflow_summary" name="test_malformed_reports_stay_in_denominator_as_invalid[missing_required_check]" time="0.000" /><testcase classname="tests.test_research_workflow_summary" name="test_malformed_reports_stay_in_denominator_as_invalid[empty_unmeasured]" time="0.000" /><testcase classname="tests.test_research_workflow_summary" name="test_malformed_reports_stay_in_denominator_as_invalid[status_only]" time="0.000" /><testcase classname="tests.test_research_workflow_summary" name="test_absent_dimensions_are_not_measured_even_when_recorded_checks_pass" time="0.000" /><testcase classname="tests.test_research_workflow_summary" name="test_summary_is_stable_preserves_expected_order_and_does_not_mutate_inputs" time="0.001" /><testcase classname="tests.test_strategy_config" name="test_freezing_preserves_identity_and_does_not_import_candidate_code" time="0.003" /><testcase classname="tests.test_strategy_config" name="test_changed_execution_limits_get_a_different_identity" time="0.002" /><testcase classname="tests.test_strategy_config" name="test_unsafe_or_ambiguous_configuration_is_rejected[source-../private.py]" time="0.001" /><testcase classname="tests.test_strategy_config" name="test_unsafe_or_ambiguous_configuration_is_rejected[source-/tmp/private.py]" time="0.001" /><testcase classname="tests.test_strategy_config" name="test_unsafe_or_ambiguous_configuration_is_rejected[source-nested/strategy.py]" time="0.001" /><testcase classname="tests.test_strategy_config" name="test_unsafe_or_ambiguous_configuration_is_rejected[schema_version-True]" time="0.001" /><testcase classname="tests.test_strategy_config" name="test_unsafe_or_ambiguous_configuration_is_rejected[max_events-True]" time="0.001" /><testcase classname="tests.test_strategy_config" name="test_unsafe_or_ambiguous_configuration_is_rejected[max_state_bytes-1.5]" time="0.001" /><testcase classname="tests.test_strategy_config" name="test_unsafe_or_ambiguous_configuration_is_rejected[observations-yes]" time="0.001" /><testcase classname="tests.test_strategy_config" name="test_unsafe_or_ambiguous_configuration_is_rejected[context-1]" time="0.001" /><testcase classname="tests.test_strategy_config" name="test_unsafe_or_ambiguous_configuration_is_rejected[unknown_setting-4]" time="0.001" /><testcase classname="tests.test_strategy_config" name="test_changed_or_linked_bundle_files_are_rejected[source]" time="0.001" /><testcase classname="tests.test_strategy_config" name="test_changed_or_linked_bundle_files_are_rejected[manifest_symlink]" time="0.001" /><testcase classname="tests.test_strategy_config" name="test_changed_or_linked_bundle_files_are_rejected[source_symlink]" time="0.001" /><testcase classname="tests.test_strategy_config" name="test_changed_or_linked_bundle_files_are_rejected[source_hardlink]" time="0.001" /><testcase classname="tests.test_strategy_config" name="test_manifest_and_source_reads_are_bounded" time="0.001" /><testcase classname="tests.test_strategy_config" name="test_duplicate_manifest_keys_are_not_silently_overridden" time="0.001" /><testcase classname="tests.test_strategy_projection" name="test_ranked_view_retains_exact_source_objects_and_authoritative_metadata" time="0.000" /><testcase classname="tests.test_strategy_projection" name="test_candidate_cannot_invent_references_or_authoritative_fields[decision0]" time="0.000" /><testcase classname="tests.test_strategy_projection" name="test_candidate_cannot_invent_references_or_authoritative_fields[decision1]" time="0.000" /><testcase classname="tests.test_strategy_projection" name="test_candidate_cannot_invent_references_or_authoritative_fields[decision2]" time="0.000" /><testcase classname="tests.test_strategy_projection" name="test_candidate_cannot_invent_references_or_authoritative_fields[decision3]" time="0.000" /><testcase classname="tests.test_strategy_projection" name="test_candidate_cannot_invent_references_or_authoritative_fields[decision4]" time="0.000" /><testcase classname="tests.test_strategy_projection" name="test_candidate_cannot_invent_references_or_authoritative_fields[decision5]" time="0.000" /><testcase classname="tests.test_strategy_projection" name="test_duplicate_ids_and_render_overflow_are_rejected" time="0.000" /><testcase classname="tests.test_strategy_projection" name="test_probe_failure_limits_and_future_fields_cannot_be_summarized_away" time="0.000" /><testcase classname="tests.test_strategy_projection" name="test_inspection_alias_uses_the_same_candidate_event" time="0.000" /><testcase classname="tests.test_strategy_projection" name="test_default_and_empty_selection_are_distinct" time="0.000" /><testcase classname="tests.test_strategy_sandbox" name="test_untrusted_protocol_rejects_ambiguous_or_nonfinite_values[[]]" time="0.000" /><testcase classname="tests.test_strategy_sandbox" name="test_untrusted_protocol_rejects_ambiguous_or_nonfinite_values[{&quot;a&quot;:1,&quot;a&quot;:2}]" time="0.000" /><testcase classname="tests.test_strategy_sandbox" name="test_untrusted_protocol_rejects_ambiguous_or_nonfinite_values[{&quot;a&quot;:NaN}]" time="0.000" /><testcase classname="tests.test_strategy_sandbox" name="test_untrusted_protocol_rejects_ambiguous_or_nonfinite_values[{&quot;a&quot;:1e999}]" time="0.000" /><testcase classname="tests.test_strategy_sandbox" name="test_untrusted_protocol_rejects_ambiguous_or_nonfinite_values[{}{}]" time="0.000" /><testcase classname="tests.test_strategy_sandbox" name="test_strategy_runtime_requires_immutable_python_image[python:3.13-slim]" time="0.000" /><testcase classname="tests.test_strategy_sandbox" name="test_strategy_runtime_requires_immutable_python_image[python:latest]" time="0.000" /><testcase classname="tests.test_strategy_sandbox" name="test_strategy_runtime_requires_immutable_python_image[other@sha256:aaaaaaaaaaaaaaaaaaaaaaaaaaaaaaaaaaaaaaaaaaaaaaaaaaaaaaaaaaaaaaaa]" time="0.000" /><testcase classname="tests.test_strategy_sandbox" name="test_candidate_is_never_imported_on_host_even_when_docker_fails" time="0.007" /><testcase classname="tests.test_strategy_sandbox" name="test_source_and_input_limits_are_checked_before_execution" time="0.001" /><testcase classname="tests.test_strategy_sandbox" name="test_recovery_cannot_interrupt_an_active_execution" time="0.001" /><testcase classname="tests.test_strategy_sandbox" name="test_actual_candidate_projects_data_and_preserves_complete_artifacts" time="0.781" /><testcase classname="tests.test_strategy_sandbox" name="test_actual_candidate_cannot_access_host_secrets_files_or_network" time="0.398" /><testcase classname="tests.test_strategy_sandbox" name="test_actual_invalid_candidates_fail_without_fallback[def apply(event): raise RuntimeError(&quot;candidate failure&quot;)]" time="0.384" /><testcase classname="tests.test_strategy_sandbox" name="test_actual_invalid_candidates_fail_without_fallback[def apply(event): return []]" time="0.409" /><testcase classname="tests.test_strategy_sandbox" name="test_actual_invalid_candidates_fail_without_fallback[def apply(event): return {&quot;bad&quot;: float(&quot;nan&quot;)}]" time="0.378" /><testcase classname="tests.test_strategy_sandbox" name="test_actual_invalid_candidates_fail_without_fallback[import os\ndef apply(event): os.write(1, b&quot;{}{}&quot;); os._exit(0)]" time="0.355" /><testcase classname="tests.test_strategy_sandbox" name="test_actual_runaway_candidates_are_bounded_and_removed[def apply(event):\n while True: pass-wall-clock]" time="1.281" /><testcase classname="tests.test_strategy_sandbox" name="test_actual_runaway_candidates_are_bounded_and_removed[def apply(event):\n while True: print(&quot;x&quot; * 65536)-output]" time="0.391" /><testcase classname="tests.test_strategy_sandbox" name="test_actual_runaway_candidates_are_bounded_and_removed[def apply(event): return {&quot;large&quot;: str(bytearray(512 * 1024 * 1024))}-status]" time="0.379" /><testcase classname="tests.test_strategy_sandbox" name="test_actual_host_interruption_preserves_attempt_and_removes_container" time="0.450" /><testcase classname="tests.test_strategy_session" name="test_restart_and_exact_retry_reuse_the_recorded_decision_and_state" time="0.020" /><testcase classname="tests.test_strategy_session" name="test_commit_failure_recovers_completed_execution_without_replay[before_journal_commit]" time="0.012" /><testcase classname="tests.test_strategy_session" name="test_commit_failure_recovers_completed_execution_without_replay[after_journal_commit]" time="0.012" /><testcase classname="tests.test_strategy_session" name="test_invalid_candidate_is_a_sticky_failure_not_a_baseline_result" time="0.007" /><testcase classname="tests.test_strategy_session" name="test_event_budget_failure_cannot_be_hidden_by_a_valid_earlier_decision" time="0.009" /><testcase classname="tests.test_strategy_session" name="test_conflicting_operation_cannot_reuse_a_projection" time="0.007" /><testcase classname="tests.test_strategy_session" name="test_changed_archived_event_cannot_be_reused[input.json]" time="0.009" /><testcase classname="tests.test_strategy_session" name="test_changed_archived_event_cannot_be_reused[result.json]" time="0.009" /><testcase classname="tests.test_strategy_session" name="test_changed_archived_event_cannot_be_reused[execution/stdout.txt]" time="0.009" /><testcase classname="tests.test_strategy_session" name="test_active_session_recovery_cannot_overlap_execution" time="0.002" /><testcase classname="tests.test_strategy_session" name="test_actual_strategy_state_and_retry_through_docker" time="0.362" /><testcase classname="tests.test_strategy_transport" name="test_case_freezes_code_outside_the_native_agent_tree_and_binds_its_state" time="0.008" /><testcase classname="tests.test_strategy_transport" name="test_case_strategy_cannot_be_removed_rebound_or_changed_after_freezing[drop]" time="0.005" /><testcase classname="tests.test_strategy_transport" name="test_case_strategy_cannot_be_removed_rebound_or_changed_after_freezing[state_path]" time="0.005" /><testcase classname="tests.test_strategy_transport" name="test_case_strategy_cannot_be_removed_rebound_or_changed_after_freezing[source]" time="0.005" /><testcase classname="tests.test_strategy_transport" name="test_fixture_mcp_launcher_projects_and_reuses_an_operation_after_restart" time="0.075" /><testcase classname="tests.test_strategy_transport" name="test_discover_cli_passes_the_frozen_session_without_a_model_call" time="0.009" /><testcase classname="tests.test_strategy_workflow" name="test_direct_and_mcp_use_the_same_projection_and_preserve_receipts" time="0.069" /><testcase classname="tests.test_strategy_workflow" name="test_failed_strategy_blocks_mcp_proposal_and_terminates_direct_tool_path" time="0.046" /><testcase classname="tests.test_strategy_workflow" name="test_probe_failure_remains_an_error_envelope_after_projection" time="0.035" /></testsuite></testsuites>